2016-06-15 14:22:26,776 [Thread-4:6420] [blog.views:21] [views:index] [ERROR]- [Errno 2] No such file or directory: 'sss.txt'
2016-06-15 14:30:43,861 [Thread-2:5896] [blog.views:21] [views:index] [ERROR]- [Errno 2] No such file or directory: 'sss.txt'
2016-06-15 14:32:48,457 [Thread-10:5640] [blog.views:21] [views:index] [ERROR]- [Errno 2] No such file or directory: 'sss.txt'
2016-06-15 14:34:11,154 [Thread-4:6740] [blog.views:21] [views:index] [ERROR]- [Errno 2] No such file or directory: 'sss.txt'
2016-06-15 14:39:17,674 [Thread-4:1064] [blog.views:21] [views:index] [ERROR]- [Errno 2] No such file or directory: 'sss.txt'
2016-06-15 14:41:28,232 [Thread-19:9088] [blog.views:21] [views:index] [ERROR]- [Errno 2] No such file or directory: 'sss.txt'
2016-06-15 14:42:09,553 [Thread-4:3200] [blog.views:21] [views:index] [ERROR]- [Errno 2] No such file or directory: 'sss.txt'
2016-06-15 14:43:24,529 [Thread-4:8564] [blog.views:21] [views:index] [ERROR]- [Errno 2] No such file or directory: 'sss.txt'
2016-06-15 17:02:13,486 [Thread-19:5124] [blog.views:21] [views:index] [ERROR]- [Errno 2] No such file or directory: 'sss.txt'
2016-07-13 19:13:29,210 [Thread-65:7216] [blog.views:39] [views:index] [ERROR]- type object 'Article' has no attribute 'objects'
2016-07-13 19:13:59,464 [Thread-80:7176] [blog.views:39] [views:index] [ERROR]- type object 'Article' has no attribute 'objects'
2016-07-13 19:15:27,878 [Thread-4:5980] [blog.views:39] [views:index] [ERROR]- type object 'Article' has no attribute 'objects'
2016-07-13 19:15:29,661 [Thread-17:5040] [blog.views:39] [views:index] [ERROR]- type object 'Article' has no attribute 'objects'
2016-07-13 19:21:34,792 [Thread-73:7744] [blog.views:39] [views:index] [ERROR]- type object 'Article' has no attribute 'objects'
2016-07-13 19:49:13,612 [Thread-4:6376] [blog.views:39] [views:index] [ERROR]- type object 'Article' has no attribute 'objects'
2016-07-13 20:30:09,598 [Thread-4:7988] [blog.views:39] [views:index] [ERROR]- type object 'Article' has no attribute 'objects'
2016-07-13 20:31:29,246 [Thread-9:7640] [blog.views:39] [views:index] [ERROR]- type object 'Article' has no attribute 'objects'
2016-07-13 20:34:56,051 [Thread-4:1124] [blog.views:39] [views:index] [ERROR]- type object 'Article' has no attribute 'objects'
2016-07-13 20:36:39,019 [Thread-9:2664] [blog.views:39] [views:index] [ERROR]- type object 'Article' has no attribute 'objects'
2016-07-13 20:38:46,204 [Thread-177:6004] [blog.views:39] [views:index] [ERROR]- type object 'Article' has no attribute 'objects'
2016-07-13 20:40:20,545 [Thread-216:4952] [blog.views:39] [views:index] [ERROR]- type object 'Article' has no attribute 'objects'
2016-07-13 20:41:07,420 [Thread-225:3004] [blog.views:39] [views:index] [ERROR]- type object 'Article' has no attribute 'objects'
2016-07-13 20:50:43,095 [Thread-231:7884] [blog.views:39] [views:index] [ERROR]- type object 'Article' has no attribute 'objects'
2016-07-13 20:55:39,303 [Thread-256:6500] [blog.views:39] [views:index] [ERROR]- type object 'Article' has no attribute 'objects'
2016-07-13 20:57:18,944 [Thread-275:6432] [blog.views:39] [views:index] [ERROR]- type object 'Article' has no attribute 'objects'
2016-07-13 20:59:24,546 [Thread-297:7476] [blog.views:39] [views:index] [ERROR]- type object 'Article' has no attribute 'objects'
2016-07-13 21:19:33,884 [Thread-330:5352] [blog.views:39] [views:index] [ERROR]- type object 'Article' has no attribute 'objects'
2016-07-13 21:22:05,059 [Thread-420:2732] [blog.views:39] [views:index] [ERROR]- type object 'Article' has no attribute 'objects'
2016-07-13 21:24:01,799 [Thread-478:6884] [blog.views:39] [views:index] [ERROR]- type object 'Article' has no attribute 'objects'
2016-07-13 21:29:53,992 [Thread-4:5940] [blog.views:39] [views:index] [ERROR]- type object 'Article' has no attribute 'objects'
2016-07-13 21:31:13,243 [Thread-9:2824] [blog.views:39] [views:index] [ERROR]- type object 'Article' has no attribute 'objects'
2016-07-13 21:33:29,727 [Thread-7:6216] [blog.views:39] [views:index] [ERROR]- type object 'Article' has no attribute 'objects'
2016-07-13 21:33:32,256 [Thread-8:4720] [blog.views:39] [views:index] [ERROR]- type object 'Article' has no attribute 'objects'
2016-07-14 08:57:19,936 [Thread-4:1956] [blog.views:39] [views:index] [ERROR]- type object 'Article' has no attribute 'objects'
2016-07-14 09:31:38,138 [Thread-4:3464] [blog.views:39] [views:index] [ERROR]- type object 'Article' has no attribute 'objects'
2016-07-14 09:32:29,976 [Thread-4:6928] [blog.views:39] [views:index] [ERROR]- type object 'Article' has no attribute 'objects'
2016-07-14 09:32:32,667 [Thread-8:2752] [blog.views:39] [views:index] [ERROR]- type object 'Article' has no attribute 'objects'
2016-07-14 09:34:03,421 [Thread-2:6548] [blog.views:39] [views:index] [ERROR]- type object 'Article' has no attribute 'objects'
2016-07-14 09:40:46,273 [Thread-4:6448] [blog.views:39] [views:index] [ERROR]- 'QueryDict' object is not callable
2016-07-14 09:42:51,989 [Thread-2:7048] [blog.views:39] [views:index] [ERROR]- 'QueryDict' object is not callable
2016-07-14 09:48:41,265 [Thread-4:6752] [blog.views:39] [views:index] [ERROR]- 'QueryDict' object is not callable
2016-07-14 09:58:26,214 [Thread-2:6404] [blog.views:39] [views:index] [ERROR]- 'QueryDict' object is not callable
2016-07-14 09:58:28,983 [Thread-8:6656] [blog.views:39] [views:index] [ERROR]- 'QueryDict' object is not callable
2016-07-14 10:05:26,022 [Thread-3:544] [blog.views:39] [views:index] [ERROR]- 'QueryDict' object is not callable
2016-07-14 10:09:14,611 [Thread-4:2328] [blog.views:39] [views:index] [ERROR]- 'QueryDict' object is not callable
2016-07-14 10:10:21,701 [Thread-49:6348] [blog.views:39] [views:index] [ERROR]- 'QueryDict' object is not callable
2016-07-14 10:10:52,890 [Thread-56:7080] [blog.views:39] [views:index] [ERROR]- 'QueryDict' object is not callable
2016-07-14 15:16:02,107 [Thread-4:224] [blog.views:40] [views:index] [ERROR]- 'ascii' codec can't encode characters in position 5-8: ordinal not in range(128)
2016-07-14 15:22:34,375 [Thread-8:8072] [blog.views:40] [views:index] [ERROR]- 'ascii' codec can't encode characters in position 5-8: ordinal not in range(128)
2016-07-14 15:22:36,989 [Thread-23:5740] [blog.views:40] [views:index] [ERROR]- 'ascii' codec can't encode characters in position 5-8: ordinal not in range(128)
2016-07-14 15:22:38,028 [Thread-38:8016] [blog.views:40] [views:index] [ERROR]- 'ascii' codec can't encode characters in position 5-8: ordinal not in range(128)
2016-07-14 15:35:16,529 [Thread-34:7824] [blog.views:40] [views:index] [ERROR]- 'ascii' codec can't encode characters in position 5-8: ordinal not in range(128)
2016-07-14 15:35:21,125 [Thread-40:4404] [blog.views:40] [views:index] [ERROR]- 'ascii' codec can't encode characters in position 5-8: ordinal not in range(128)
2016-07-14 15:35:56,471 [Thread-58:6232] [blog.views:40] [views:index] [ERROR]- 'ascii' codec can't encode characters in position 5-8: ordinal not in range(128)
2016-07-14 15:39:13,476 [Thread-4:1632] [blog.views:40] [views:index] [ERROR]- 'ascii' codec can't encode characters in position 5-8: ordinal not in range(128)
2016-07-14 15:40:20,380 [Thread-17:8052] [blog.views:40] [views:index] [ERROR]- 'ascii' codec can't encode characters in position 5-8: ordinal not in range(128)
2016-07-14 15:41:24,785 [Thread-32:1468] [blog.views:40] [views:index] [ERROR]- 'ascii' codec can't encode characters in position 5-8: ordinal not in range(128)
2016-07-14 15:46:38,818 [Thread-2:2348] [blog.views:41] [views:index] [ERROR]- 'ascii' codec can't encode characters in position 5-8: ordinal not in range(128)
2016-07-14 15:47:42,092 [Thread-19:6612] [blog.views:41] [views:index] [ERROR]- 'ascii' codec can't encode characters in position 5-8: ordinal not in range(128)
2016-07-14 15:48:24,401 [Thread-2:1272] [blog.views:41] [views:index] [ERROR]- 'ascii' codec can't encode characters in position 5-8: ordinal not in range(128)
2016-07-14 15:49:26,759 [Thread-4:7772] [blog.views:41] [views:index] [ERROR]- 'ascii' codec can't encode characters in position 5-8: ordinal not in range(128)
2016-07-14 15:50:36,234 [Thread-4:7616] [blog.views:41] [views:index] [ERROR]- 'ascii' codec can't encode characters in position 5-8: ordinal not in range(128)
2016-07-14 15:54:13,121 [Thread-2:3520] [blog.views:42] [views:index] [ERROR]- 'ascii' codec can't encode characters in position 5-8: ordinal not in range(128)
2016-07-14 16:02:47,418 [Thread-2:7980] [blog.views:41] [views:index] [ERROR]- 'ascii' codec can't encode characters in position 5-8: ordinal not in range(128)
2016-07-14 16:04:56,322 [Thread-2:5328] [blog.views:42] [views:index] [ERROR]- 'ascii' codec can't encode characters in position 5-8: ordinal not in range(128)
2016-07-14 16:21:23,674 [Thread-2:8308] [blog.views:41] [views:index] [ERROR]- 'ascii' codec can't encode characters in position 5-8: ordinal not in range(128)
2016-07-14 16:49:55,365 [Thread-2:8532] [blog.views:46] [views:index] [ERROR]- 'ascii' codec can't encode characters in position 5-8: ordinal not in range(128)
2016-07-14 16:51:55,553 [Thread-2:8512] [blog.views:46] [views:index] [ERROR]- 'ascii' codec can't encode characters in position 5-8: ordinal not in range(128)
2016-07-14 16:52:49,073 [Thread-2:9024] [blog.views:47] [views:index] [ERROR]- 'ascii' codec can't encode characters in position 5-8: ordinal not in range(128)
2016-07-14 17:08:14,688 [Thread-2:9056] [blog.views:46] [views:index] [ERROR]- 'ascii' codec can't encode characters in position 5-8: ordinal not in range(128)
2016-07-14 17:09:01,930 [Thread-17:8212] [blog.views:46] [views:index] [ERROR]- 'ascii' codec can't encode characters in position 5-8: ordinal not in range(128)
2016-07-15 10:40:52,947 [Thread-4:6212] [blog.views:46] [views:index] [ERROR]- 'ascii' codec can't encode characters in position 5-8: ordinal not in range(128)
2016-07-15 10:57:44,200 [Thread-2:6088] [blog.views:46] [views:index] [ERROR]- 'ascii' codec can't encode characters in position 5-8: ordinal not in range(128)
2016-07-15 10:59:53,605 [Thread-2:6636] [blog.views:46] [views:index] [ERROR]- 'ascii' codec can't encode characters in position 5-8: ordinal not in range(128)
2016-07-15 10:59:56,697 [Thread-17:6888] [blog.views:46] [views:index] [ERROR]- 'ascii' codec can't encode characters in position 5-8: ordinal not in range(128)
2016-07-15 11:04:51,148 [Thread-4:6688] [blog.views:46] [views:index] [ERROR]- 'ascii' codec can't encode characters in position 5-8: ordinal not in range(128)
2016-07-15 11:36:01,134 [Thread-2:1496] [blog.views:46] [views:index] [ERROR]- 'ascii' codec can't encode characters in position 5-8: ordinal not in range(128)
2016-07-17 14:56:58,743 [Thread-4:1572] [blog.views:48] [views:index] [ERROR]- 'ascii' codec can't encode characters in position 5-8: ordinal not in range(128)
2016-07-17 14:58:52,131 [Thread-89:6468] [blog.views:48] [views:index] [ERROR]- 'ascii' codec can't encode characters in position 5-8: ordinal not in range(128)
2016-07-17 15:01:46,496 [Thread-98:7192] [blog.views:48] [views:index] [ERROR]- 'ascii' codec can't encode characters in position 5-8: ordinal not in range(128)
2016-07-17 15:01:49,766 [Thread-102:7940] [blog.views:48] [views:index] [ERROR]- 'ascii' codec can't encode characters in position 5-8: ordinal not in range(128)
2016-07-17 15:01:52,651 [Thread-108:1196] [blog.views:48] [views:index] [ERROR]- 'ascii' codec can't encode characters in position 5-8: ordinal not in range(128)
2016-07-17 15:11:50,773 [Thread-4:6628] [blog.views:48] [views:index] [ERROR]- 'ascii' codec can't encode characters in position 5-8: ordinal not in range(128)
2016-07-17 15:14:33,480 [Thread-2:7928] [blog.views:52] [views:index] [ERROR]- 'ascii' codec can't encode characters in position 5-8: ordinal not in range(128)
2016-07-17 15:15:49,651 [Thread-2:3300] [blog.views:48] [views:index] [ERROR]- 'ascii' codec can't encode characters in position 5-8: ordinal not in range(128)
2016-07-17 15:18:20,193 [Thread-17:6740] [blog.views:48] [views:index] [ERROR]- 'ascii' codec can't encode characters in position 5-8: ordinal not in range(128)
2016-07-17 15:19:15,561 [Thread-32:6776] [blog.views:48] [views:index] [ERROR]- 'ascii' codec can't encode characters in position 5-8: ordinal not in range(128)
2016-07-17 15:20:22,871 [Thread-2:7828] [blog.views:49] [views:index] [ERROR]- 'ascii' codec can't encode characters in position 5-8: ordinal not in range(128)
2016-07-17 15:21:07,388 [Thread-17:1740] [blog.views:49] [views:index] [ERROR]- 'ascii' codec can't encode characters in position 5-8: ordinal not in range(128)
2016-07-17 15:21:58,573 [Thread-32:7136] [blog.views:49] [views:index] [ERROR]- 'ascii' codec can't encode characters in position 5-8: ordinal not in range(128)
2016-07-17 15:22:25,226 [Thread-47:3184] [blog.views:49] [views:index] [ERROR]- 'ascii' codec can't encode characters in position 5-8: ordinal not in range(128)
2016-07-17 15:36:44,990 [Thread-2:4036] [blog.views:38] [views:index] [ERROR]- getPaginator() takes exactly 2 arguments (1 given)
2016-07-17 19:23:20,621 [Thread-4:7524] [blog.views:51] [views:index] [ERROR]- global name 'getPaginator' is not defined
2016-07-17 19:25:24,490 [Thread-20:3376] [blog.views:51] [views:index] [ERROR]- global name 'getPaginator' is not defined
2016-07-18 14:00:55,941 [Thread-279:2744] [blog.views:122] [views:article] [ERROR]- invalid literal for int() with base 10: ''
2016-07-18 14:01:11,982 [Thread-291:6588] [blog.views:122] [views:article] [ERROR]- invalid literal for int() with base 10: ''
2016-07-18 14:04:53,852 [Thread-338:7428] [blog.views:122] [views:article] [ERROR]- invalid literal for int() with base 10: ''
2016-07-18 14:06:32,295 [Thread-383:7616] [blog.views:122] [views:article] [ERROR]- invalid literal for int() with base 10: ''
2016-07-18 14:06:44,250 [Thread-389:3476] [blog.views:122] [views:article] [ERROR]- invalid literal for int() with base 10: ''
2016-07-18 14:07:15,335 [Thread-413:4752] [blog.views:122] [views:article] [ERROR]- invalid literal for int() with base 10: ''
2016-07-18 14:07:18,046 [Thread-419:540] [blog.views:122] [views:article] [ERROR]- invalid literal for int() with base 10: ''
2016-07-18 14:08:03,910 [Thread-440:4824] [blog.views:122] [views:article] [ERROR]- invalid literal for int() with base 10: ''
2016-07-18 14:36:10,769 [Thread-170:5528] [blog.views:122] [views:article] [ERROR]- invalid literal for int() with base 10: ''
2016-07-18 14:39:43,776 [Thread-176:4344] [blog.views:122] [views:article] [ERROR]- invalid literal for int() with base 10: ''
2016-07-18 14:43:21,253 [Thread-197:2024] [blog.views:122] [views:article] [ERROR]- invalid literal for int() with base 10: ''
2016-07-18 16:26:01,331 [Thread-83:8148] [blog.views:133] [views:article] [ERROR]- invalid literal for int() with base 10: ''
2016-07-18 16:33:16,671 [Thread-19:4024] [blog.views:133] [views:article] [ERROR]- invalid literal for int() with base 10: ''
2016-07-18 16:35:46,288 [Thread-23:5540] [blog.views:133] [views:article] [ERROR]- invalid literal for int() with base 10: ''
2016-07-18 16:35:50,371 [Thread-31:7584] [blog.views:133] [views:article] [ERROR]- invalid literal for int() with base 10: ''
2016-07-18 16:36:19,647 [Thread-37:1768] [blog.views:133] [views:article] [ERROR]- invalid literal for int() with base 10: ''
2016-07-18 16:49:03,142 [Thread-19:5300] [blog.views:85] [views:tag] [ERROR]- Tag matching query does not exist.
2016-07-18 16:49:07,887 [Thread-23:968] [blog.views:85] [views:tag] [ERROR]- Tag matching query does not exist.
2016-07-18 16:50:27,825 [Thread-63:5680] [blog.views:85] [views:tag] [ERROR]- Tag matching query does not exist.
2016-07-18 16:50:40,023 [Thread-75:6312] [blog.views:85] [views:tag] [ERROR]- Tag matching query does not exist.
2016-07-18 16:52:09,098 [Thread-81:6432] [blog.views:85] [views:tag] [ERROR]- Tag matching query does not exist.
2016-07-18 16:52:19,773 [Thread-96:7080] [blog.views:85] [views:tag] [ERROR]- Tag matching query does not exist.
2016-07-18 16:53:04,243 [Thread-102:7328] [blog.views:85] [views:tag] [ERROR]- Tag matching query does not exist.
2016-07-18 16:53:32,526 [Thread-108:3476] [blog.views:85] [views:tag] [ERROR]- Tag matching query does not exist.
2016-07-18 16:55:01,372 [Thread-2:5164] [blog.views:85] [views:tag] [ERROR]- Tag matching query does not exist.
2016-07-18 16:56:57,089 [Thread-17:7908] [blog.views:85] [views:tag] [ERROR]- Tag matching query does not exist.
2016-07-18 16:57:39,779 [Thread-80:808] [blog.views:85] [views:tag] [ERROR]- Tag matching query does not exist.
2016-07-18 16:59:10,750 [Thread-113:6824] [blog.views:85] [views:tag] [ERROR]- Tag matching query does not exist.
2016-07-18 16:59:19,118 [Thread-119:6476] [blog.views:85] [views:tag] [ERROR]- Tag matching query does not exist.
2016-07-18 16:59:21,398 [Thread-125:2412] [blog.views:85] [views:tag] [ERROR]- Tag matching query does not exist.
2016-07-18 17:01:34,036 [Thread-268:4568] [blog.views:85] [views:tag] [ERROR]- Tag matching query does not exist.
2016-07-18 17:02:59,716 [Thread-308:7648] [blog.views:85] [views:tag] [ERROR]- Tag matching query does not exist.
2016-07-18 17:03:26,392 [Thread-335:5880] [blog.views:85] [views:tag] [ERROR]- Tag matching query does not exist.
2016-07-18 17:06:04,456 [Thread-17:2412] [blog.views:85] [views:tag] [ERROR]- Tag matching query does not exist.
2016-07-18 17:10:47,381 [Thread-80:2476] [blog.views:85] [views:tag] [ERROR]- Tag matching query does not exist.
2016-07-18 17:12:23,174 [Thread-101:7976] [blog.views:85] [views:tag] [ERROR]- Tag matching query does not exist.
2016-07-18 17:16:53,558 [Thread-145:3852] [blog.views:85] [views:tag] [ERROR]- Tag matching query does not exist.
2016-07-18 17:55:17,536 [Thread-2:5272] [blog.views:85] [views:tag] [ERROR]- Tag matching query does not exist.
2016-07-18 18:01:33,010 [Thread-17:4596] [blog.views:85] [views:tag] [ERROR]- Tag matching query does not exist.
2016-07-18 18:01:45,974 [Thread-23:7860] [blog.views:85] [views:tag] [ERROR]- Tag matching query does not exist.
2016-07-18 18:03:11,121 [Thread-44:6368] [blog.views:85] [views:tag] [ERROR]- Tag matching query does not exist.
2016-07-18 18:04:28,456 [Thread-83:5132] [blog.views:85] [views:tag] [ERROR]- Tag matching query does not exist.
2016-07-18 18:05:57,778 [Thread-104:2228] [blog.views:129] [views:article] [ERROR]- invalid literal for int() with base 10: ''
2016-07-18 18:11:31,292 [Thread-2:6832] [blog.views:58] [views:index] [ERROR]- 'Article' object has no attribute '__getitem__'
2016-07-18 18:11:43,576 [Thread-18:2684] [blog.views:58] [views:index] [ERROR]- 'Article' object has no attribute '__getitem__'
2016-07-18 18:12:00,780 [Thread-4:7812] [blog.views:58] [views:index] [ERROR]- 'Article' object has no attribute '__getitem__'
2016-07-18 18:12:39,811 [Thread-4:5860] [blog.views:58] [views:index] [ERROR]- 'Article' object has no attribute '__getitem__'
2016-07-18 18:14:44,342 [Thread-10:1368] [blog.views:58] [views:index] [ERROR]- 'Article' object has no attribute '__getitem__'
2016-07-18 18:15:22,115 [Thread-17:6764] [blog.views:85] [views:tag] [ERROR]- Tag matching query does not exist.
2016-07-18 18:15:43,315 [Thread-53:7172] [blog.views:85] [views:tag] [ERROR]- Tag matching query does not exist.
2016-07-18 18:16:01,948 [Thread-59:6856] [blog.views:129] [views:article] [ERROR]- invalid literal for int() with base 10: ''
2016-07-18 18:28:29,348 [Thread-4:3544] [blog.views:58] [views:index] [ERROR]- 'Article' object has no attribute '__getitem__'
2016-07-18 18:28:34,157 [Thread-8:7716] [blog.views:86] [views:tag] [ERROR]- Tag matching query does not exist.
2016-07-18 18:28:36,401 [Thread-14:7580] [blog.views:58] [views:index] [ERROR]- 'Article' object has no attribute '__getitem__'
2016-07-18 18:28:38,417 [Thread-20:4916] [blog.views:58] [views:index] [ERROR]- 'Article' object has no attribute '__getitem__'
2016-07-18 18:28:40,086 [Thread-21:5840] [blog.views:58] [views:index] [ERROR]- 'Article' object has no attribute '__getitem__'
2016-07-18 18:30:50,555 [Thread-34:1080] [blog.views:58] [views:index] [ERROR]- 'Article' object has no attribute '__getitem__'
2016-07-18 18:42:51,566 [Thread-77:7992] [blog.views:132] [views:article] [ERROR]- invalid literal for int() with base 10: ''
2016-07-18 18:44:02,048 [Thread-89:7736] [blog.views:132] [views:article] [ERROR]- invalid literal for int() with base 10: ''
2016-07-18 18:45:06,775 [Thread-116:5604] [blog.views:132] [views:article] [ERROR]- invalid literal for int() with base 10: ''
2016-07-18 18:45:37,275 [Thread-130:7028] [blog.views:132] [views:article] [ERROR]- invalid literal for int() with base 10: ''
2016-07-18 18:46:14,647 [Thread-134:2156] [blog.views:132] [views:article] [ERROR]- invalid literal for int() with base 10: ''
2016-07-18 18:46:30,354 [Thread-140:1764] [blog.views:132] [views:article] [ERROR]- invalid literal for int() with base 10: ''
2016-07-18 18:46:35,927 [Thread-146:1040] [blog.views:132] [views:article] [ERROR]- invalid literal for int() with base 10: ''
2016-07-18 18:46:38,766 [Thread-158:7396] [blog.views:132] [views:article] [ERROR]- invalid literal for int() with base 10: ''
2016-07-18 18:52:48,076 [Thread-4:7100] [blog.views:61] [views:index] [ERROR]- int() argument must be a string or a number, not 'Article'
2016-07-18 18:55:20,364 [Thread-25:7736] [blog.views:132] [views:article] [ERROR]- invalid literal for int() with base 10: ''
2016-07-18 19:12:57,562 [Thread-56:7860] [blog.views:88] [views:tag] [ERROR]- Tag matching query does not exist.
2016-07-18 19:15:52,444 [Thread-77:6996] [blog.views:88] [views:tag] [ERROR]- Tag matching query does not exist.
2016-07-18 19:16:35,042 [Thread-83:5620] [blog.views:88] [views:tag] [ERROR]- Tag matching query does not exist.
2016-07-19 15:46:00,323 [Thread-79:5604] [blog.views:131] [views:article] [ERROR]- invalid literal for int() with base 10: ''
2016-07-19 16:24:40,970 [Thread-37:6044] [blog.views:127] [views:article] [ERROR]- invalid literal for int() with base 10: ''
2016-07-19 16:25:30,394 [Thread-58:1768] [blog.views:127] [views:article] [ERROR]- invalid literal for int() with base 10: ''
2016-07-19 16:33:15,463 [Thread-3:5352] [blog.views:142] [views:article] [ERROR]- invalid literal for int() with base 10: ''
2016-07-19 16:33:22,671 [Thread-23:5976] [blog.views:83] [views:tag] [ERROR]- Tag matching query does not exist.
2016-07-19 16:33:33,786 [Thread-29:6108] [blog.views:83] [views:tag] [ERROR]- Tag matching query does not exist.
2016-07-19 16:33:50,503 [Thread-41:2284] [blog.views:142] [views:article] [ERROR]- invalid literal for int() with base 10: ''
2016-07-19 16:37:04,614 [Thread-22:4804] [blog.views:83] [views:tag] [ERROR]- Tag matching query does not exist.
2016-07-19 16:37:12,325 [Thread-28:6004] [blog.views:83] [views:tag] [ERROR]- Tag matching query does not exist.
2016-07-19 16:41:32,312 [Thread-49:4516] [blog.views:83] [views:tag] [ERROR]- Tag matching query does not exist.
2016-07-19 16:42:42,778 [Thread-139:6044] [blog.views:83] [views:tag] [ERROR]- Tag matching query does not exist.
2016-07-19 17:02:06,996 [Thread-2:836] [blog.views:83] [views:tag] [ERROR]- Tag matching query does not exist.
2016-07-19 17:02:09,680 [Thread-17:6796] [blog.views:83] [views:tag] [ERROR]- Tag matching query does not exist.
2016-07-19 17:03:54,957 [Thread-52:6368] [blog.views:143] [views:article] [ERROR]- invalid literal for int() with base 10: ''
2016-07-19 17:03:57,885 [Thread-56:4152] [blog.views:83] [views:tag] [ERROR]- Tag matching query does not exist.
2016-07-19 17:04:49,736 [Thread-62:6388] [blog.views:83] [views:tag] [ERROR]- Tag matching query does not exist.
2016-07-19 17:12:02,602 [Thread-47:6640] [blog.views:83] [views:tag] [ERROR]- Tag matching query does not exist.
2016-07-19 17:12:50,203 [Thread-2:6332] [blog.views:84] [views:tag] [ERROR]- Tag matching query does not exist.
2016-07-19 17:12:56,904 [Thread-17:4360] [blog.views:84] [views:tag] [ERROR]- Tag matching query does not exist.
2016-07-19 17:13:02,122 [Thread-23:5092] [blog.views:84] [views:tag] [ERROR]- Tag matching query does not exist.
2016-07-19 17:13:04,851 [Thread-38:6916] [blog.views:84] [views:tag] [ERROR]- Tag matching query does not exist.
2016-07-19 17:14:30,147 [Thread-2:3904] [blog.views:83] [views:tag] [ERROR]- Tag matching query does not exist.
2016-07-19 18:34:19,611 [Thread-8:6896] [blog.views:83] [views:tag] [ERROR]- Tag matching query does not exist.
2016-07-19 18:34:26,513 [Thread-14:3852] [blog.views:83] [views:tag] [ERROR]- Tag matching query does not exist.
2016-07-19 18:34:33,726 [Thread-35:3684] [blog.views:83] [views:tag] [ERROR]- Tag matching query does not exist.
2016-07-19 18:36:56,826 [Thread-9:5532] [blog.views:83] [views:tag] [ERROR]- Tag matching query does not exist.
2016-07-19 18:42:43,276 [Thread-8:6460] [blog.views:83] [views:tag] [ERROR]- Tag matching query does not exist.
2016-07-19 18:51:14,299 [Thread-8:5552] [blog.views:83] [views:tag] [ERROR]- Tag matching query does not exist.
2016-07-19 18:53:08,894 [Thread-8:2652] [blog.views:83] [views:tag] [ERROR]- Tag matching query does not exist.
2016-07-19 18:53:32,137 [Thread-26:6996] [blog.views:83] [views:tag] [ERROR]- Tag matching query does not exist.
2016-07-19 18:57:17,318 [Thread-17:5092] [blog.views:83] [views:tag] [ERROR]- Tag matching query does not exist.
2016-07-19 19:02:04,119 [Thread-8:7116] [blog.views:83] [views:tag] [ERROR]- Tag matching query does not exist.
2016-07-19 19:13:10,841 [Thread-8:5400] [blog.views:83] [views:tag] [ERROR]- Tag matching query does not exist.
2016-07-19 19:34:00,556 [Thread-54:5272] [blog.views:143] [views:article] [ERROR]- invalid literal for int() with base 10: ''
2016-07-19 19:38:39,969 [Thread-60:5852] [blog.views:143] [views:article] [ERROR]- invalid literal for int() with base 10: ''
2016-07-19 19:40:34,588 [Thread-2:6796] [blog.views:143] [views:article] [ERROR]- invalid literal for int() with base 10: ''
2016-07-19 19:40:43,433 [Thread-14:4336] [blog.views:143] [views:article] [ERROR]- invalid literal for int() with base 10: ''
2016-07-19 19:42:28,948 [Thread-14:6764] [blog.views:143] [views:article] [ERROR]- invalid literal for int() with base 10: ''
2016-07-19 19:42:38,079 [Thread-35:1204] [blog.views:143] [views:article] [ERROR]- invalid literal for int() with base 10: ''
2016-07-19 19:43:29,210 [Thread-41:1236] [blog.views:143] [views:article] [ERROR]- invalid literal for int() with base 10: ''
2016-07-19 19:43:51,729 [Thread-47:5904] [blog.views:143] [views:article] [ERROR]- invalid literal for int() with base 10: ''
2016-07-19 19:44:46,661 [Thread-70:6540] [blog.views:143] [views:article] [ERROR]- invalid literal for int() with base 10: ''
2016-07-19 20:01:04,398 [Thread-23:1392] [blog.views:83] [views:tag] [ERROR]- Tag matching query does not exist.
2016-07-19 20:08:17,194 [Thread-2:6500] [blog.views:83] [views:tag] [ERROR]- Tag matching query does not exist.
2016-07-19 20:08:19,246 [Thread-17:6180] [blog.views:83] [views:tag] [ERROR]- Tag matching query does not exist.
2016-07-19 20:08:32,181 [Thread-41:836] [blog.views:83] [views:tag] [ERROR]- Tag matching query does not exist.
2016-07-19 20:30:02,674 [Thread-9:6628] [blog.views:83] [views:tag] [ERROR]- Tag matching query does not exist.
2016-07-19 20:32:24,933 [Thread-30:4672] [blog.views:83] [views:tag] [ERROR]- Tag matching query does not exist.
2016-07-19 20:43:49,778 [Thread-17:824] [blog.views:83] [views:tag] [ERROR]- Tag matching query does not exist.
2016-07-19 20:50:05,262 [Thread-35:6808] [blog.views:83] [views:tag] [ERROR]- Tag matching query does not exist.
2016-07-19 20:50:11,351 [Thread-43:3664] [blog.views:83] [views:tag] [ERROR]- Tag matching query does not exist.
2016-07-19 20:56:01,197 [Thread-17:4276] [blog.views:83] [views:tag] [ERROR]- Cannot resolve keyword 'tag_iexact' into field. Choices are: category, category_id, click_count, comment, content, date_publish, desc, id, is_recommend, tag, title, user, user_id
2016-07-19 20:58:33,017 [Thread-2:3820] [blog.views:83] [views:tag] [ERROR]- Tag matching query does not exist.
2016-07-19 20:58:52,460 [Thread-2:1032] [blog.views:83] [views:tag] [ERROR]- Cannot resolve keyword 'tag_iexact' into field. Choices are: category, category_id, click_count, comment, content, date_publish, desc, id, is_recommend, tag, title, user, user_id
2016-07-19 21:00:14,928 [Thread-17:4304] [blog.views:83] [views:tag] [ERROR]- Cannot resolve keyword 'tag_iexact' into field. Choices are: category, category_id, click_count, comment, content, date_publish, desc, id, is_recommend, tag, title, user, user_id
2016-07-19 21:00:21,276 [Thread-47:1592] [blog.views:83] [views:tag] [ERROR]- Cannot resolve keyword 'tag_iexact' into field. Choices are: category, category_id, click_count, comment, content, date_publish, desc, id, is_recommend, tag, title, user, user_id
2016-07-19 21:00:37,204 [Thread-55:6180] [blog.views:83] [views:tag] [ERROR]- Cannot resolve keyword 'tag_iexact' into field. Choices are: category, category_id, click_count, comment, content, date_publish, desc, id, is_recommend, tag, title, user, user_id
2016-07-19 21:03:54,019 [Thread-74:5608] [blog.views:83] [views:tag] [ERROR]- Cannot resolve keyword 'tag_iexact' into field. Choices are: category, category_id, click_count, comment, content, date_publish, desc, id, is_recommend, tag, title, user, user_id
2016-07-19 21:03:59,196 [Thread-80:5580] [blog.views:83] [views:tag] [ERROR]- Cannot resolve keyword 'tag_iexact' into field. Choices are: category, category_id, click_count, comment, content, date_publish, desc, id, is_recommend, tag, title, user, user_id
2016-07-19 21:08:03,739 [Thread-17:7136] [blog.views:83] [views:tag] [ERROR]- Cannot resolve keyword 'tag_iexact' into field. Choices are: category, category_id, click_count, comment, content, date_publish, desc, id, is_recommend, tag, title, user, user_id
2016-07-19 21:18:51,739 [Thread-19:6348] [blog.views:83] [views:tag] [ERROR]- Cannot resolve keyword 'tag_iexact' into field. Choices are: category, category_id, click_count, comment, content, date_publish, desc, id, is_recommend, tag, title, user, user_id
2016-07-19 21:22:08,539 [Thread-17:4412] [blog.views:83] [views:tag] [ERROR]- Cannot query "Haddop": Must be "Category" instance.
2016-07-19 21:22:11,769 [Thread-23:2472] [blog.views:83] [views:tag] [ERROR]- Cannot query "Linux": Must be "Category" instance.
2016-07-19 21:22:13,565 [Thread-29:6044] [blog.views:83] [views:tag] [ERROR]- Cannot query "Python": Must be "Category" instance.
2016-07-19 21:22:15,704 [Thread-32:6656] [blog.views:83] [views:tag] [ERROR]- Cannot query "Web": Must be "Category" instance.
2016-07-19 21:22:55,069 [Thread-17:6788] [blog.views:83] [views:tag] [ERROR]- type object 'Article' has no attribute 'objects_set'
2016-07-19 21:23:10,144 [Thread-37:6248] [blog.views:83] [views:tag] [ERROR]- type object 'Article' has no attribute 'objects_set'
2016-07-19 21:30:04,346 [Thread-22:4352] [blog.views:80] [views:tag] [ERROR]- Cannot query "Linux": Must be "Category" instance.
2016-07-19 21:41:46,839 [Thread-44:3312] [blog.views:80] [views:tag] [ERROR]- Cannot query "Haddop": Must be "Category" instance.
2016-07-19 21:41:48,994 [Thread-50:6696] [blog.views:80] [views:tag] [ERROR]- Cannot query "Linux": Must be "Category" instance.
2016-07-20 09:57:07,878 [Thread-17:4316] [blog.views:84] [views:tag] [ERROR]- Category matching query does not exist.
2016-07-20 09:58:07,950 [Thread-17:5824] [blog.views:83] [views:tag] [ERROR]- Cannot query "Haddop": Must be "Category" instance.
2016-07-20 09:59:11,005 [Thread-23:5272] [blog.views:83] [views:tag] [ERROR]- Cannot query "Python": Must be "Category" instance.
2016-07-20 10:00:08,822 [Thread-44:3184] [blog.views:83] [views:tag] [ERROR]- Cannot query "Haddop": Must be "Category" instance.
2016-07-24 11:06:39,654 [Thread-51:6428] [blog.views:224] [views:do_login] [ERROR]- 'password'
2016-07-24 11:06:52,984 [Thread-57:5920] [blog.views:224] [views:do_login] [ERROR]- 'password'
2016-07-24 11:08:36,470 [Thread-118:6320] [blog.views:224] [views:do_login] [ERROR]- 'password'
2016-07-24 11:08:59,951 [Thread-126:2776] [blog.views:224] [views:do_login] [ERROR]- 'password'
2016-07-24 11:36:25,154 [Thread-153:1644] [blog.views:224] [views:do_login] [ERROR]- 'password'
2016-07-24 11:50:08,634 [Thread-46:6276] [blog.views:224] [views:do_login] [ERROR]- 'password'
2016-07-24 11:52:13,582 [Thread-74:3348] [blog.views:224] [views:do_login] [ERROR]- 'password'
2016-07-24 11:54:04,262 [Thread-119:4304] [blog.views:224] [views:do_login] [ERROR]- 'password'
2016-07-24 11:58:20,302 [Thread-144:7096] [blog.views:224] [views:do_login] [ERROR]- 'password'
2016-07-24 12:13:52,496 [Thread-82:6968] [blog.views:224] [views:do_login] [ERROR]- 'password'
2016-07-24 12:57:43,619 [Thread-23:7800] [blog.views:224] [views:do_login] [ERROR]- 'password'
